Arguments: 
  /home/slp/.nvm/versions/node/v8.11.4/bin/node /usr/bin/yarn start

PATH: 
  /home/slp/.rbenv/shims:/home/slp/.rbenv/bin:/home/slp/.nvm/versions/node/v8.11.4/bin:/home/slp/.rbenv/shims:/home/slp/.rbenv/bin:/home/slp/anaconda2/bin:/usr/local/sbin:/usr/local/bin:/usr/sbin:/usr/bin:/sbin:/bin:/usr/games:/usr/local/games:/usr/lib/jvm/java-8-oracle/bin:/usr/lib/jvm/java-8-oracle/db/bin:/usr/lib/jvm/java-8-oracle/jre/bin:/home/slp/.rvm/bin:/home/slp/.rvm/bin

Yarn version: 
  1.5.1

Node version: 
  8.11.4

Platform: 
  linux x64

npm manifest: 
  {
    "name": "sockets",
    "version": "1.0.0",
    "description": "",
    "main": "index.js",
    "keywords": [],
    "author": "sonsoleslp",
    "license": "ISC",
    "dependencies": {
      "express": "^4.16.4",
      "socket.io": "^2.1.1"
    }
  }

yarn manifest: 
  No manifest

Lockfile: 
  No lockfile

Trace: 
  Error: Command "start" not found.
      at new MessageError (/usr/lib/node_modules/yarn/lib/cli.js:186:110)
      at /usr/lib/node_modules/yarn/lib/cli.js:87307:17
      at Generator.next (<anonymous>)
      at step (/usr/lib/node_modules/yarn/lib/cli.js:98:30)
      at /usr/lib/node_modules/yarn/lib/cli.js:116:14
      at new Promise (<anonymous>)
      at new F (/usr/lib/node_modules/yarn/lib/cli.js:23451:28)
      at /usr/lib/node_modules/yarn/lib/cli.js:95:12
      at runCommand (/usr/lib/node_modules/yarn/lib/cli.js:87312:22)
      at Object.<anonymous> (/usr/lib/node_modules/yarn/lib/cli.js:87412:14)
